2024-05-18 14:05:09.587 GMT [53] LOG:  starting PostgreSQL 16.3 (Debian 16.3-1.pgdg120+1) on x86_64-pc-linux-gnu, compiled by gcc (Debian 12.2.0-14) 12.2.0, 64-bit
2024-05-18 14:05:09.643 GMT [53] LOG:  listening on Unix socket "/var/run/postgresql/.s.PGSQL.5432"
2024-05-18 14:05:09.678 GMT [57] LOG:  database system was shut down at 2024-05-18 14:05:08 GMT
2024-05-18 14:05:09.690 GMT [53] LOG:  database system is ready to accept connections
2024-05-18 14:05:10.192 GMT [53] LOG:  received fast shutdown request
2024-05-18 14:05:10.237 GMT [53] LOG:  aborting any active transactions
2024-05-18 14:05:10.240 GMT [53] LOG:  background worker "logical replication launcher" (PID 61) exited with exit code 1
2024-05-18 14:05:10.244 GMT [55] LOG:  shutting down
2024-05-18 14:05:10.278 GMT [55] LOG:  checkpoint starting: shutdown immediate
2024-05-18 14:05:10.795 GMT [55] LOG:  checkpoint complete: wrote 940 buffers (5.7%); 0 WAL file(s) added, 0 removed, 1 recycled; write=0.139 s, sync=0.174 s, total=0.520 s; sync files=311, longest=0.031 s, average=0.001 s; distance=11351 kB, estimate=11351 kB; lsn=0/2000028, redo lsn=0/2000028
2024-05-18 14:05:10.810 GMT [53] LOG:  database system is shut down
2024-05-18 14:05:11.023 GMT [1] LOG:  starting PostgreSQL 16.3 (Debian 16.3-1.pgdg120+1) on x86_64-pc-linux-gnu, compiled by gcc (Debian 12.2.0-14) 12.2.0, 64-bit
2024-05-18 14:05:11.039 GMT [1] LOG:  listening on IPv4 address "0.0.0.0", port 5432
2024-05-18 14:05:11.039 GMT [1] LOG:  listening on IPv6 address "::", port 5432
2024-05-18 14:05:11.095 GMT [1] LOG:  listening on Unix socket "/var/run/postgresql/.s.PGSQL.5432"
2024-05-18 14:05:11.102 GMT [76] LOG:  database system was shut down at 2024-05-18 14:05:10 GMT
2024-05-18 14:05:11.111 GMT [1] LOG:  database system is ready to accept connections
2024-05-18 14:05:13.736 GMT [81] LOG:  received replication command: SHOW data_directory_mode
2024-05-18 14:05:13.736 GMT [81] STATEMENT:  SHOW data_directory_mode
2024-05-18 14:05:13.736 GMT [81] LOG:  received replication command: SHOW wal_segment_size
2024-05-18 14:05:13.736 GMT [81] STATEMENT:  SHOW wal_segment_size
2024-05-18 14:05:13.736 GMT [81] LOG:  received replication command: IDENTIFY_SYSTEM
2024-05-18 14:05:13.736 GMT [81] STATEMENT:  IDENTIFY_SYSTEM
2024-05-18 14:05:13.736 GMT [81] LOG:  received replication command: BASE_BACKUP ( LABEL 'pg_basebackup base backup',  PROGRESS,  WAIT 0,  MANIFEST 'yes',  TARGET 'client')
2024-05-18 14:05:13.736 GMT [81] STATEMENT:  BASE_BACKUP ( LABEL 'pg_basebackup base backup',  PROGRESS,  WAIT 0,  MANIFEST 'yes',  TARGET 'client')
2024-05-18 14:05:13.884 GMT [74] LOG:  checkpoint starting: force wait
2024-05-18 14:05:14.007 GMT [74] LOG:  checkpoint complete: wrote 4 buffers (0.0%); 0 WAL file(s) added, 0 removed, 1 recycled; write=0.108 s, sync=0.004 s, total=0.123 s; sync files=3, longest=0.002 s, average=0.002 s; distance=16384 kB, estimate=16384 kB; lsn=0/3000060, redo lsn=0/3000028
2024-05-18 14:05:14.053 GMT [84] LOG:  received replication command: SHOW data_directory_mode
2024-05-18 14:05:14.053 GMT [84] STATEMENT:  SHOW data_directory_mode
2024-05-18 14:05:14.053 GMT [84] LOG:  received replication command: CREATE_REPLICATION_SLOT "pg_basebackup_84" TEMPORARY PHYSICAL ( RESERVE_WAL)
2024-05-18 14:05:14.053 GMT [84] STATEMENT:  CREATE_REPLICATION_SLOT "pg_basebackup_84" TEMPORARY PHYSICAL ( RESERVE_WAL)
2024-05-18 14:05:14.060 GMT [84] LOG:  received replication command: IDENTIFY_SYSTEM
2024-05-18 14:05:14.060 GMT [84] STATEMENT:  IDENTIFY_SYSTEM
2024-05-18 14:05:14.060 GMT [84] LOG:  received replication command: START_REPLICATION SLOT "pg_basebackup_84" 0/3000000 TIMELINE 1
2024-05-18 14:05:14.060 GMT [84] STATEMENT:  START_REPLICATION SLOT "pg_basebackup_84" 0/3000000 TIMELINE 1
2024-05-18 14:05:38.480 GMT [1] LOG:  received fast shutdown request
2024-05-18 14:05:38.482 GMT [1] LOG:  aborting any active transactions
2024-05-18 14:05:38.484 GMT [1] LOG:  background worker "logical replication launcher" (PID 80) exited with exit code 1
2024-05-18 14:05:38.491 GMT [74] LOG:  shutting down
2024-05-18 14:05:38.666 GMT [74] LOG:  checkpoint starting: shutdown immediate
2024-05-18 14:05:38.844 GMT [74] LOG:  checkpoint complete: wrote 40 buffers (0.2%); 0 WAL file(s) added, 0 removed, 2 recycled; write=0.007 s, sync=0.090 s, total=0.181 s; sync files=10, longest=0.087 s, average=0.009 s; distance=32768 kB, estimate=32768 kB; lsn=0/5000028, redo lsn=0/5000028
2024-05-18 14:05:38.857 GMT [1] LOG:  database system is shut down
2024-05-18 14:07:24.158 GMT [52] LOG:  starting PostgreSQL 16.3 (Debian 16.3-1.pgdg120+1) on x86_64-pc-linux-gnu, compiled by gcc (Debian 12.2.0-14) 12.2.0, 64-bit
2024-05-18 14:07:24.172 GMT [52] LOG:  listening on Unix socket "/var/run/postgresql/.s.PGSQL.5432"
2024-05-18 14:07:24.193 GMT [56] LOG:  database system was shut down at 2024-05-18 14:07:22 GMT
2024-05-18 14:07:24.227 GMT [52] LOG:  database system is ready to accept connections
2024-05-18 14:07:24.704 GMT [52] LOG:  received fast shutdown request
2024-05-18 14:07:24.736 GMT [52] LOG:  aborting any active transactions
2024-05-18 14:07:24.745 GMT [52] LOG:  background worker "logical replication launcher" (PID 60) exited with exit code 1
2024-05-18 14:07:24.745 GMT [54] LOG:  shutting down
2024-05-18 14:07:24.770 GMT [54] LOG:  checkpoint starting: shutdown immediate
2024-05-18 14:07:25.269 GMT [54] LOG:  checkpoint complete: wrote 940 buffers (5.7%); 0 WAL file(s) added, 0 removed, 1 recycled; write=0.213 s, sync=0.212 s, total=0.501 s; sync files=311, longest=0.080 s, average=0.001 s; distance=11351 kB, estimate=11351 kB; lsn=0/2000028, redo lsn=0/2000028
2024-05-18 14:07:25.283 GMT [52] LOG:  database system is shut down
2024-05-18 14:07:25.360 GMT [1] LOG:  starting PostgreSQL 16.3 (Debian 16.3-1.pgdg120+1) on x86_64-pc-linux-gnu, compiled by gcc (Debian 12.2.0-14) 12.2.0, 64-bit
2024-05-18 14:07:25.383 GMT [1] LOG:  listening on IPv4 address "0.0.0.0", port 5432
2024-05-18 14:07:25.383 GMT [1] LOG:  listening on IPv6 address "::", port 5432
2024-05-18 14:07:25.389 GMT [1] LOG:  listening on Unix socket "/var/run/postgresql/.s.PGSQL.5432"
2024-05-18 14:07:25.421 GMT [75] LOG:  database system was shut down at 2024-05-18 14:07:25 GMT
2024-05-18 14:07:25.430 GMT [1] LOG:  database system is ready to accept connections
2024-05-18 14:07:28.113 GMT [80] LOG:  received replication command: SHOW data_directory_mode
2024-05-18 14:07:28.113 GMT [80] STATEMENT:  SHOW data_directory_mode
2024-05-18 14:07:28.113 GMT [80] LOG:  received replication command: SHOW wal_segment_size
2024-05-18 14:07:28.113 GMT [80] STATEMENT:  SHOW wal_segment_size
2024-05-18 14:07:28.113 GMT [80] LOG:  received replication command: IDENTIFY_SYSTEM
2024-05-18 14:07:28.113 GMT [80] STATEMENT:  IDENTIFY_SYSTEM
2024-05-18 14:07:28.113 GMT [80] LOG:  received replication command: BASE_BACKUP ( LABEL 'pg_basebackup base backup',  PROGRESS,  WAIT 0,  MANIFEST 'yes',  TARGET 'client')
2024-05-18 14:07:28.113 GMT [80] STATEMENT:  BASE_BACKUP ( LABEL 'pg_basebackup base backup',  PROGRESS,  WAIT 0,  MANIFEST 'yes',  TARGET 'client')
2024-05-18 14:07:28.290 GMT [73] LOG:  checkpoint starting: force wait
2024-05-18 14:07:28.463 GMT [73] LOG:  checkpoint complete: wrote 4 buffers (0.0%); 0 WAL file(s) added, 0 removed, 1 recycled; write=0.106 s, sync=0.055 s, total=0.173 s; sync files=3, longest=0.054 s, average=0.019 s; distance=16384 kB, estimate=16384 kB; lsn=0/3000060, redo lsn=0/3000028
2024-05-18 14:07:28.497 GMT [83] LOG:  received replication command: SHOW data_directory_mode
2024-05-18 14:07:28.497 GMT [83] STATEMENT:  SHOW data_directory_mode
2024-05-18 14:07:28.497 GMT [83] LOG:  received replication command: CREATE_REPLICATION_SLOT "pg_basebackup_83" TEMPORARY PHYSICAL ( RESERVE_WAL)
2024-05-18 14:07:28.497 GMT [83] STATEMENT:  CREATE_REPLICATION_SLOT "pg_basebackup_83" TEMPORARY PHYSICAL ( RESERVE_WAL)
2024-05-18 14:07:28.504 GMT [83] LOG:  received replication command: IDENTIFY_SYSTEM
2024-05-18 14:07:28.504 GMT [83] STATEMENT:  IDENTIFY_SYSTEM
2024-05-18 14:07:28.504 GMT [83] LOG:  received replication command: START_REPLICATION SLOT "pg_basebackup_83" 0/3000000 TIMELINE 1
2024-05-18 14:07:28.504 GMT [83] STATEMENT:  START_REPLICATION SLOT "pg_basebackup_83" 0/3000000 TIMELINE 1
2024-05-18 14:07:30.886 GMT [88] LOG:  received replication command: IDENTIFY_SYSTEM
2024-05-18 14:07:30.886 GMT [88] STATEMENT:  IDENTIFY_SYSTEM
2024-05-18 14:07:30.886 GMT [88] LOG:  received replication command: START_REPLICATION 0/4000000 TIMELINE 1
2024-05-18 14:07:30.886 GMT [88] STATEMENT:  START_REPLICATION 0/4000000 TIMELINE 1
2024-05-18 14:12:28.563 GMT [73] LOG:  checkpoint starting: time
2024-05-18 14:12:33.232 GMT [73] LOG:  checkpoint complete: wrote 46 buffers (0.3%); 0 WAL file(s) added, 0 removed, 1 recycled; write=4.520 s, sync=0.107 s, total=4.670 s; sync files=14, longest=0.102 s, average=0.008 s; distance=16694 kB, estimate=16694 kB; lsn=0/404D8B8, redo lsn=0/404D880
2024-05-18 14:25:36.905 GMT [1] LOG:  received fast shutdown request
2024-05-18 14:25:36.908 GMT [1] LOG:  aborting any active transactions
2024-05-18 14:25:36.917 GMT [1] LOG:  background worker "logical replication launcher" (PID 79) exited with exit code 1
2024-05-18 14:25:36.917 GMT [73] LOG:  shutting down
2024-05-18 14:25:36.960 GMT [73] LOG:  checkpoint starting: shutdown immediate
2024-05-18 14:25:36.972 GMT [73] LOG:  checkpoint complete: wrote 0 buffers (0.0%); 0 WAL file(s) added, 0 removed, 0 recycled; write=0.006 s, sync=0.001 s, total=0.015 s; sync files=0, longest=0.000 s, average=0.000 s; distance=16073 kB, estimate=16632 kB; lsn=0/5000028, redo lsn=0/5000028
2024-05-18 14:25:37.023 GMT [1] LOG:  database system is shut down
2024-05-18 14:26:17.918 GMT [53] LOG:  starting PostgreSQL 16.3 (Debian 16.3-1.pgdg120+1) on x86_64-pc-linux-gnu, compiled by gcc (Debian 12.2.0-14) 12.2.0, 64-bit
2024-05-18 14:26:17.960 GMT [53] LOG:  listening on Unix socket "/var/run/postgresql/.s.PGSQL.5432"
2024-05-18 14:26:17.968 GMT [57] LOG:  database system was shut down at 2024-05-18 14:26:16 GMT
2024-05-18 14:26:17.978 GMT [53] LOG:  database system is ready to accept connections
2024-05-18 14:26:18.388 GMT [53] LOG:  received fast shutdown request
2024-05-18 14:26:18.390 GMT [53] LOG:  aborting any active transactions
2024-05-18 14:26:18.395 GMT [53] LOG:  background worker "logical replication launcher" (PID 61) exited with exit code 1
2024-05-18 14:26:18.396 GMT [55] LOG:  shutting down
2024-05-18 14:26:18.421 GMT [55] LOG:  checkpoint starting: shutdown immediate
2024-05-18 14:26:18.751 GMT [55] LOG:  checkpoint complete: wrote 940 buffers (5.7%); 0 WAL file(s) added, 0 removed, 1 recycled; write=0.076 s, sync=0.199 s, total=0.333 s; sync files=311, longest=0.089 s, average=0.001 s; distance=11351 kB, estimate=11351 kB; lsn=0/2000028, redo lsn=0/2000028
2024-05-18 14:26:18.766 GMT [53] LOG:  database system is shut down
2024-05-18 14:26:18.822 GMT [1] LOG:  starting PostgreSQL 16.3 (Debian 16.3-1.pgdg120+1) on x86_64-pc-linux-gnu, compiled by gcc (Debian 12.2.0-14) 12.2.0, 64-bit
2024-05-18 14:26:18.847 GMT [1] LOG:  listening on IPv4 address "0.0.0.0", port 5432
2024-05-18 14:26:18.847 GMT [1] LOG:  listening on IPv6 address "::", port 5432
2024-05-18 14:26:18.851 GMT [1] LOG:  listening on Unix socket "/var/run/postgresql/.s.PGSQL.5432"
2024-05-18 14:26:18.860 GMT [76] LOG:  database system was shut down at 2024-05-18 14:26:18 GMT
2024-05-18 14:26:18.868 GMT [1] LOG:  database system is ready to accept connections
2024-05-18 14:26:19.288 GMT [81] LOG:  received replication command: SHOW data_directory_mode
2024-05-18 14:26:19.288 GMT [81] STATEMENT:  SHOW data_directory_mode
2024-05-18 14:26:19.288 GMT [81] LOG:  received replication command: SHOW wal_segment_size
2024-05-18 14:26:19.288 GMT [81] STATEMENT:  SHOW wal_segment_size
2024-05-18 14:26:19.288 GMT [81] LOG:  received replication command: IDENTIFY_SYSTEM
2024-05-18 14:26:19.288 GMT [81] STATEMENT:  IDENTIFY_SYSTEM
2024-05-18 14:26:19.288 GMT [81] LOG:  received replication command: BASE_BACKUP ( LABEL 'pg_basebackup base backup',  PROGRESS,  WAIT 0,  MANIFEST 'yes',  TARGET 'client')
2024-05-18 14:26:19.288 GMT [81] STATEMENT:  BASE_BACKUP ( LABEL 'pg_basebackup base backup',  PROGRESS,  WAIT 0,  MANIFEST 'yes',  TARGET 'client')
2024-05-18 14:26:19.316 GMT [74] LOG:  checkpoint starting: force wait
2024-05-18 14:26:19.539 GMT [74] LOG:  checkpoint complete: wrote 4 buffers (0.0%); 0 WAL file(s) added, 0 removed, 1 recycled; write=0.106 s, sync=0.106 s, total=0.224 s; sync files=3, longest=0.105 s, average=0.036 s; distance=16384 kB, estimate=16384 kB; lsn=0/3000060, redo lsn=0/3000028
2024-05-18 14:26:19.573 GMT [84] LOG:  received replication command: SHOW data_directory_mode
2024-05-18 14:26:19.573 GMT [84] STATEMENT:  SHOW data_directory_mode
2024-05-18 14:26:19.573 GMT [84] LOG:  received replication command: CREATE_REPLICATION_SLOT "pg_basebackup_84" TEMPORARY PHYSICAL ( RESERVE_WAL)
2024-05-18 14:26:19.573 GMT [84] STATEMENT:  CREATE_REPLICATION_SLOT "pg_basebackup_84" TEMPORARY PHYSICAL ( RESERVE_WAL)
2024-05-18 14:26:19.584 GMT [84] LOG:  received replication command: IDENTIFY_SYSTEM
2024-05-18 14:26:19.584 GMT [84] STATEMENT:  IDENTIFY_SYSTEM
2024-05-18 14:26:19.585 GMT [84] LOG:  received replication command: START_REPLICATION SLOT "pg_basebackup_84" 0/3000000 TIMELINE 1
2024-05-18 14:26:19.585 GMT [84] STATEMENT:  START_REPLICATION SLOT "pg_basebackup_84" 0/3000000 TIMELINE 1
2024-05-18 14:26:23.763 GMT [89] LOG:  received replication command: IDENTIFY_SYSTEM
2024-05-18 14:26:23.763 GMT [89] STATEMENT:  IDENTIFY_SYSTEM
2024-05-18 14:26:23.763 GMT [89] LOG:  received replication command: START_REPLICATION 0/4000000 TIMELINE 1
2024-05-18 14:26:23.763 GMT [89] STATEMENT:  START_REPLICATION 0/4000000 TIMELINE 1
2024-05-18 14:31:19.623 GMT [74] LOG:  checkpoint starting: time
2024-05-18 14:31:24.006 GMT [74] LOG:  checkpoint complete: wrote 42 buffers (0.3%); 0 WAL file(s) added, 0 removed, 1 recycled; write=4.219 s, sync=0.007 s, total=4.383 s; sync files=10, longest=0.003 s, average=0.001 s; distance=16693 kB, estimate=16693 kB; lsn=0/404D5B0, redo lsn=0/404D578
2024-05-18 14:35:03.011 GMT [1] LOG:  received fast shutdown request
2024-05-18 14:35:03.013 GMT [1] LOG:  aborting any active transactions
2024-05-18 14:35:03.017 GMT [1] LOG:  background worker "logical replication launcher" (PID 80) exited with exit code 1
2024-05-18 14:35:03.020 GMT [74] LOG:  shutting down
2024-05-18 14:35:03.056 GMT [74] LOG:  checkpoint starting: shutdown immediate
2024-05-18 14:35:03.070 GMT [74] LOG:  checkpoint complete: wrote 0 buffers (0.0%); 0 WAL file(s) added, 0 removed, 0 recycled; write=0.006 s, sync=0.001 s, total=0.022 s; sync files=0, longest=0.000 s, average=0.000 s; distance=16074 kB, estimate=16631 kB; lsn=0/5000028, redo lsn=0/5000028
2024-05-18 14:35:03.110 GMT [1] LOG:  database system is shut down
2024-05-18 14:35:50.191 GMT [53] LOG:  starting PostgreSQL 16.3 (Debian 16.3-1.pgdg120+1) on x86_64-pc-linux-gnu, compiled by gcc (Debian 12.2.0-14) 12.2.0, 64-bit
2024-05-18 14:35:50.193 GMT [53] LOG:  listening on Unix socket "/var/run/postgresql/.s.PGSQL.5432"
2024-05-18 14:35:50.201 GMT [57] LOG:  database system was shut down at 2024-05-18 14:35:49 GMT
2024-05-18 14:35:50.212 GMT [53] LOG:  database system is ready to accept connections
2024-05-18 14:35:50.652 GMT [53] LOG:  received fast shutdown request
2024-05-18 14:35:50.673 GMT [53] LOG:  aborting any active transactions
2024-05-18 14:35:50.678 GMT [53] LOG:  background worker "logical replication launcher" (PID 61) exited with exit code 1
2024-05-18 14:35:50.679 GMT [55] LOG:  shutting down
2024-05-18 14:35:50.698 GMT [55] LOG:  checkpoint starting: shutdown immediate
2024-05-18 14:35:51.239 GMT [55] LOG:  checkpoint complete: wrote 940 buffers (5.7%); 0 WAL file(s) added, 0 removed, 1 recycled; write=0.065 s, sync=0.398 s, total=0.543 s; sync files=311, longest=0.177 s, average=0.002 s; distance=11351 kB, estimate=11351 kB; lsn=0/2000028, redo lsn=0/2000028
2024-05-18 14:35:51.253 GMT [53] LOG:  database system is shut down
2024-05-18 14:35:51.288 GMT [1] LOG:  starting PostgreSQL 16.3 (Debian 16.3-1.pgdg120+1) on x86_64-pc-linux-gnu, compiled by gcc (Debian 12.2.0-14) 12.2.0, 64-bit
2024-05-18 14:35:51.288 GMT [1] LOG:  listening on IPv4 address "0.0.0.0", port 5432
2024-05-18 14:35:51.288 GMT [1] LOG:  listening on IPv6 address "::", port 5432
2024-05-18 14:35:51.297 GMT [1] LOG:  listening on Unix socket "/var/run/postgresql/.s.PGSQL.5432"
2024-05-18 14:35:51.304 GMT [76] LOG:  database system was shut down at 2024-05-18 14:35:51 GMT
2024-05-18 14:35:51.317 GMT [1] LOG:  database system is ready to accept connections
2024-05-18 14:35:53.691 GMT [81] LOG:  received replication command: SHOW data_directory_mode
2024-05-18 14:35:53.691 GMT [81] STATEMENT:  SHOW data_directory_mode
2024-05-18 14:35:53.692 GMT [81] LOG:  received replication command: SHOW wal_segment_size
2024-05-18 14:35:53.692 GMT [81] STATEMENT:  SHOW wal_segment_size
2024-05-18 14:35:53.692 GMT [81] LOG:  received replication command: IDENTIFY_SYSTEM
2024-05-18 14:35:53.692 GMT [81] STATEMENT:  IDENTIFY_SYSTEM
2024-05-18 14:35:53.692 GMT [81] LOG:  received replication command: BASE_BACKUP ( LABEL 'pg_basebackup base backup',  PROGRESS,  WAIT 0,  MANIFEST 'yes',  TARGET 'client')
2024-05-18 14:35:53.692 GMT [81] STATEMENT:  BASE_BACKUP ( LABEL 'pg_basebackup base backup',  PROGRESS,  WAIT 0,  MANIFEST 'yes',  TARGET 'client')
2024-05-18 14:35:53.730 GMT [74] LOG:  checkpoint starting: force wait
2024-05-18 14:35:53.890 GMT [74] LOG:  checkpoint complete: wrote 4 buffers (0.0%); 0 WAL file(s) added, 0 removed, 1 recycled; write=0.106 s, sync=0.036 s, total=0.160 s; sync files=3, longest=0.034 s, average=0.012 s; distance=16384 kB, estimate=16384 kB; lsn=0/3000060, redo lsn=0/3000028
2024-05-18 14:35:53.917 GMT [84] LOG:  received replication command: SHOW data_directory_mode
2024-05-18 14:35:53.917 GMT [84] STATEMENT:  SHOW data_directory_mode
2024-05-18 14:35:53.917 GMT [84] LOG:  received replication command: CREATE_REPLICATION_SLOT "pg_basebackup_84" TEMPORARY PHYSICAL ( RESERVE_WAL)
2024-05-18 14:35:53.917 GMT [84] STATEMENT:  CREATE_REPLICATION_SLOT "pg_basebackup_84" TEMPORARY PHYSICAL ( RESERVE_WAL)
2024-05-18 14:35:53.925 GMT [84] LOG:  received replication command: IDENTIFY_SYSTEM
2024-05-18 14:35:53.925 GMT [84] STATEMENT:  IDENTIFY_SYSTEM
2024-05-18 14:35:53.925 GMT [84] LOG:  received replication command: START_REPLICATION SLOT "pg_basebackup_84" 0/3000000 TIMELINE 1
2024-05-18 14:35:53.925 GMT [84] STATEMENT:  START_REPLICATION SLOT "pg_basebackup_84" 0/3000000 TIMELINE 1
2024-05-18 14:35:57.130 GMT [89] LOG:  received replication command: IDENTIFY_SYSTEM
2024-05-18 14:35:57.130 GMT [89] STATEMENT:  IDENTIFY_SYSTEM
2024-05-18 14:35:57.131 GMT [89] LOG:  received replication command: START_REPLICATION 0/4000000 TIMELINE 1
2024-05-18 14:35:57.131 GMT [89] STATEMENT:  START_REPLICATION 0/4000000 TIMELINE 1
2024-05-18 14:37:25.823 GMT [1] LOG:  received fast shutdown request
2024-05-18 14:37:25.826 GMT [1] LOG:  aborting any active transactions
2024-05-18 14:37:25.833 GMT [1] LOG:  background worker "logical replication launcher" (PID 80) exited with exit code 1
2024-05-18 14:37:25.833 GMT [74] LOG:  shutting down
2024-05-18 14:37:25.864 GMT [74] LOG:  checkpoint starting: shutdown immediate
2024-05-18 14:37:25.978 GMT [74] LOG:  checkpoint complete: wrote 42 buffers (0.3%); 0 WAL file(s) added, 0 removed, 2 recycled; write=0.008 s, sync=0.009 s, total=0.117 s; sync files=10, longest=0.005 s, average=0.001 s; distance=32768 kB, estimate=32768 kB; lsn=0/5000028, redo lsn=0/5000028
2024-05-18 14:37:25.989 GMT [1] LOG:  database system is shut down
2024-05-18 14:38:04.245 GMT [52] LOG:  starting PostgreSQL 16.3 (Debian 16.3-1.pgdg120+1) on x86_64-pc-linux-gnu, compiled by gcc (Debian 12.2.0-14) 12.2.0, 64-bit
2024-05-18 14:38:04.247 GMT [52] LOG:  listening on Unix socket "/var/run/postgresql/.s.PGSQL.5432"
2024-05-18 14:38:04.256 GMT [56] LOG:  database system was shut down at 2024-05-18 14:38:03 GMT
2024-05-18 14:38:04.272 GMT [52] LOG:  database system is ready to accept connections
2024-05-18 14:38:04.609 GMT [52] LOG:  received fast shutdown request
2024-05-18 14:38:04.610 GMT [52] LOG:  aborting any active transactions
2024-05-18 14:38:04.617 GMT [52] LOG:  background worker "logical replication launcher" (PID 60) exited with exit code 1
2024-05-18 14:38:04.617 GMT [54] LOG:  shutting down
2024-05-18 14:38:04.643 GMT [54] LOG:  checkpoint starting: shutdown immediate
2024-05-18 14:38:05.058 GMT [54] LOG:  checkpoint complete: wrote 940 buffers (5.7%); 0 WAL file(s) added, 0 removed, 1 recycled; write=0.152 s, sync=0.153 s, total=0.417 s; sync files=311, longest=0.023 s, average=0.001 s; distance=11351 kB, estimate=11351 kB; lsn=0/2000028, redo lsn=0/2000028
2024-05-18 14:38:05.072 GMT [52] LOG:  database system is shut down
2024-05-18 14:38:05.143 GMT [1] LOG:  starting PostgreSQL 16.3 (Debian 16.3-1.pgdg120+1) on x86_64-pc-linux-gnu, compiled by gcc (Debian 12.2.0-14) 12.2.0, 64-bit
2024-05-18 14:38:05.143 GMT [1] LOG:  listening on IPv4 address "0.0.0.0", port 5432
2024-05-18 14:38:05.143 GMT [1] LOG:  listening on IPv6 address "::", port 5432
2024-05-18 14:38:05.155 GMT [1] LOG:  listening on Unix socket "/var/run/postgresql/.s.PGSQL.5432"
2024-05-18 14:38:05.162 GMT [75] LOG:  database system was shut down at 2024-05-18 14:38:05 GMT
2024-05-18 14:38:05.184 GMT [1] LOG:  database system is ready to accept connections
2024-05-18 14:38:05.684 GMT [80] LOG:  received replication command: SHOW data_directory_mode
2024-05-18 14:38:05.684 GMT [80] STATEMENT:  SHOW data_directory_mode
2024-05-18 14:38:05.684 GMT [80] LOG:  received replication command: SHOW wal_segment_size
2024-05-18 14:38:05.684 GMT [80] STATEMENT:  SHOW wal_segment_size
2024-05-18 14:38:05.684 GMT [80] LOG:  received replication command: IDENTIFY_SYSTEM
2024-05-18 14:38:05.684 GMT [80] STATEMENT:  IDENTIFY_SYSTEM
2024-05-18 14:38:05.685 GMT [80] LOG:  received replication command: BASE_BACKUP ( LABEL 'pg_basebackup base backup',  PROGRESS,  WAIT 0,  MANIFEST 'yes',  TARGET 'client')
2024-05-18 14:38:05.685 GMT [80] STATEMENT:  BASE_BACKUP ( LABEL 'pg_basebackup base backup',  PROGRESS,  WAIT 0,  MANIFEST 'yes',  TARGET 'client')
2024-05-18 14:38:05.722 GMT [73] LOG:  checkpoint starting: force wait
2024-05-18 14:38:05.842 GMT [73] LOG:  checkpoint complete: wrote 4 buffers (0.0%); 0 WAL file(s) added, 0 removed, 1 recycled; write=0.107 s, sync=0.004 s, total=0.121 s; sync files=3, longest=0.002 s, average=0.002 s; distance=16384 kB, estimate=16384 kB; lsn=0/3000060, redo lsn=0/3000028
2024-05-18 14:38:05.870 GMT [83] LOG:  received replication command: SHOW data_directory_mode
2024-05-18 14:38:05.870 GMT [83] STATEMENT:  SHOW data_directory_mode
2024-05-18 14:38:05.871 GMT [83] LOG:  received replication command: CREATE_REPLICATION_SLOT "pg_basebackup_83" TEMPORARY PHYSICAL ( RESERVE_WAL)
2024-05-18 14:38:05.871 GMT [83] STATEMENT:  CREATE_REPLICATION_SLOT "pg_basebackup_83" TEMPORARY PHYSICAL ( RESERVE_WAL)
2024-05-18 14:38:05.888 GMT [83] LOG:  received replication command: IDENTIFY_SYSTEM
2024-05-18 14:38:05.888 GMT [83] STATEMENT:  IDENTIFY_SYSTEM
2024-05-18 14:38:05.888 GMT [83] LOG:  received replication command: START_REPLICATION SLOT "pg_basebackup_83" 0/3000000 TIMELINE 1
2024-05-18 14:38:05.888 GMT [83] STATEMENT:  START_REPLICATION SLOT "pg_basebackup_83" 0/3000000 TIMELINE 1
2024-05-18 14:38:08.786 GMT [88] LOG:  received replication command: IDENTIFY_SYSTEM
2024-05-18 14:38:08.786 GMT [88] STATEMENT:  IDENTIFY_SYSTEM
2024-05-18 14:38:08.786 GMT [88] LOG:  received replication command: START_REPLICATION 0/4000000 TIMELINE 1
2024-05-18 14:38:08.786 GMT [88] STATEMENT:  START_REPLICATION 0/4000000 TIMELINE 1
2024-05-18 14:39:03.329 GMT [1] LOG:  received fast shutdown request
2024-05-18 14:39:03.331 GMT [1] LOG:  aborting any active transactions
2024-05-18 14:39:03.335 GMT [1] LOG:  background worker "logical replication launcher" (PID 79) exited with exit code 1
2024-05-18 14:39:03.337 GMT [73] LOG:  shutting down
2024-05-18 14:39:03.380 GMT [73] LOG:  checkpoint starting: shutdown immediate
2024-05-18 14:39:03.591 GMT [73] LOG:  checkpoint complete: wrote 40 buffers (0.2%); 0 WAL file(s) added, 0 removed, 2 recycled; write=0.008 s, sync=0.013 s, total=0.215 s; sync files=10, longest=0.008 s, average=0.002 s; distance=32768 kB, estimate=32768 kB; lsn=0/5000028, redo lsn=0/5000028
2024-05-18 14:39:03.601 GMT [1] LOG:  database system is shut down
2024-05-18 14:39:36.645 GMT [52] LOG:  starting PostgreSQL 16.3 (Debian 16.3-1.pgdg120+1) on x86_64-pc-linux-gnu, compiled by gcc (Debian 12.2.0-14) 12.2.0, 64-bit
2024-05-18 14:39:36.651 GMT [52] LOG:  listening on Unix socket "/var/run/postgresql/.s.PGSQL.5432"
2024-05-18 14:39:36.659 GMT [56] LOG:  database system was shut down at 2024-05-18 14:39:35 GMT
2024-05-18 14:39:36.670 GMT [52] LOG:  database system is ready to accept connections
2024-05-18 14:39:37.001 GMT [52] LOG:  received fast shutdown request
2024-05-18 14:39:37.003 GMT [52] LOG:  aborting any active transactions
2024-05-18 14:39:37.008 GMT [52] LOG:  background worker "logical replication launcher" (PID 60) exited with exit code 1
2024-05-18 14:39:37.009 GMT [54] LOG:  shutting down
2024-05-18 14:39:37.086 GMT [54] LOG:  checkpoint starting: shutdown immediate
2024-05-18 14:39:37.564 GMT [54] LOG:  checkpoint complete: wrote 940 buffers (5.7%); 0 WAL file(s) added, 0 removed, 1 recycled; write=0.053 s, sync=0.137 s, total=0.480 s; sync files=311, longest=0.025 s, average=0.001 s; distance=11351 kB, estimate=11351 kB; lsn=0/2000028, redo lsn=0/2000028
2024-05-18 14:39:37.578 GMT [52] LOG:  database system is shut down
2024-05-18 14:39:37.637 GMT [1] LOG:  starting PostgreSQL 16.3 (Debian 16.3-1.pgdg120+1) on x86_64-pc-linux-gnu, compiled by gcc (Debian 12.2.0-14) 12.2.0, 64-bit
2024-05-18 14:39:37.637 GMT [1] LOG:  listening on IPv4 address "0.0.0.0", port 5432
2024-05-18 14:39:37.637 GMT [1] LOG:  listening on IPv6 address "::", port 5432
2024-05-18 14:39:37.641 GMT [1] LOG:  listening on Unix socket "/var/run/postgresql/.s.PGSQL.5432"
2024-05-18 14:39:37.650 GMT [75] LOG:  database system was shut down at 2024-05-18 14:39:37 GMT
2024-05-18 14:39:37.658 GMT [1] LOG:  database system is ready to accept connections
2024-05-18 14:39:37.883 GMT [80] LOG:  received replication command: SHOW data_directory_mode
2024-05-18 14:39:37.883 GMT [80] STATEMENT:  SHOW data_directory_mode
2024-05-18 14:39:37.884 GMT [80] LOG:  received replication command: SHOW wal_segment_size
2024-05-18 14:39:37.884 GMT [80] STATEMENT:  SHOW wal_segment_size
2024-05-18 14:39:37.884 GMT [80] LOG:  received replication command: IDENTIFY_SYSTEM
2024-05-18 14:39:37.884 GMT [80] STATEMENT:  IDENTIFY_SYSTEM
2024-05-18 14:39:37.884 GMT [80] LOG:  received replication command: BASE_BACKUP ( LABEL 'pg_basebackup base backup',  PROGRESS,  WAIT 0,  MANIFEST 'yes',  TARGET 'client')
2024-05-18 14:39:37.884 GMT [80] STATEMENT:  BASE_BACKUP ( LABEL 'pg_basebackup base backup',  PROGRESS,  WAIT 0,  MANIFEST 'yes',  TARGET 'client')
2024-05-18 14:39:37.948 GMT [73] LOG:  checkpoint starting: force wait
2024-05-18 14:39:38.070 GMT [73] LOG:  checkpoint complete: wrote 4 buffers (0.0%); 0 WAL file(s) added, 0 removed, 1 recycled; write=0.107 s, sync=0.004 s, total=0.122 s; sync files=3, longest=0.002 s, average=0.002 s; distance=16384 kB, estimate=16384 kB; lsn=0/3000060, redo lsn=0/3000028
2024-05-18 14:39:38.099 GMT [83] LOG:  received replication command: SHOW data_directory_mode
2024-05-18 14:39:38.099 GMT [83] STATEMENT:  SHOW data_directory_mode
2024-05-18 14:39:38.100 GMT [83] LOG:  received replication command: CREATE_REPLICATION_SLOT "pg_basebackup_83" TEMPORARY PHYSICAL ( RESERVE_WAL)
2024-05-18 14:39:38.100 GMT [83] STATEMENT:  CREATE_REPLICATION_SLOT "pg_basebackup_83" TEMPORARY PHYSICAL ( RESERVE_WAL)
2024-05-18 14:39:38.107 GMT [83] LOG:  received replication command: IDENTIFY_SYSTEM
2024-05-18 14:39:38.107 GMT [83] STATEMENT:  IDENTIFY_SYSTEM
2024-05-18 14:39:38.107 GMT [83] LOG:  received replication command: START_REPLICATION SLOT "pg_basebackup_83" 0/3000000 TIMELINE 1
2024-05-18 14:39:38.107 GMT [83] STATEMENT:  START_REPLICATION SLOT "pg_basebackup_83" 0/3000000 TIMELINE 1
2024-05-18 14:39:40.415 GMT [88] LOG:  received replication command: IDENTIFY_SYSTEM
2024-05-18 14:39:40.415 GMT [88] STATEMENT:  IDENTIFY_SYSTEM
2024-05-18 14:39:40.415 GMT [88] LOG:  received replication command: START_REPLICATION 0/4000000 TIMELINE 1
2024-05-18 14:39:40.415 GMT [88] STATEMENT:  START_REPLICATION 0/4000000 TIMELINE 1
2024-05-18 14:43:58.706 GMT [1] LOG:  received fast shutdown request
2024-05-18 14:43:58.708 GMT [1] LOG:  aborting any active transactions
2024-05-18 14:43:58.722 GMT [1] LOG:  background worker "logical replication launcher" (PID 79) exited with exit code 1
2024-05-18 14:43:58.722 GMT [73] LOG:  shutting down
2024-05-18 14:43:59.012 GMT [73] LOG:  checkpoint starting: shutdown immediate
2024-05-18 14:43:59.250 GMT [73] LOG:  checkpoint complete: wrote 42 buffers (0.3%); 0 WAL file(s) added, 0 removed, 2 recycled; write=0.007 s, sync=0.009 s, total=0.242 s; sync files=10, longest=0.006 s, average=0.001 s; distance=32768 kB, estimate=32768 kB; lsn=0/5000028, redo lsn=0/5000028
2024-05-18 14:43:59.265 GMT [1] LOG:  database system is shut down
2024-05-18 14:44:32.434 GMT [53] LOG:  starting PostgreSQL 16.3 (Debian 16.3-1.pgdg120+1) on x86_64-pc-linux-gnu, compiled by gcc (Debian 12.2.0-14) 12.2.0, 64-bit
2024-05-18 14:44:32.439 GMT [53] LOG:  listening on Unix socket "/var/run/postgresql/.s.PGSQL.5432"
2024-05-18 14:44:32.449 GMT [57] LOG:  database system was shut down at 2024-05-18 14:44:31 GMT
2024-05-18 14:44:32.461 GMT [53] LOG:  database system is ready to accept connections
2024-05-18 14:44:32.798 GMT [53] LOG:  received fast shutdown request
2024-05-18 14:44:32.804 GMT [53] LOG:  aborting any active transactions
2024-05-18 14:44:32.807 GMT [53] LOG:  background worker "logical replication launcher" (PID 61) exited with exit code 1
2024-05-18 14:44:32.811 GMT [55] LOG:  shutting down
2024-05-18 14:44:32.894 GMT [55] LOG:  checkpoint starting: shutdown immediate
2024-05-18 14:44:33.305 GMT [55] LOG:  checkpoint complete: wrote 940 buffers (5.7%); 0 WAL file(s) added, 0 removed, 1 recycled; write=0.078 s, sync=0.132 s, total=0.413 s; sync files=311, longest=0.023 s, average=0.001 s; distance=11351 kB, estimate=11351 kB; lsn=0/2000028, redo lsn=0/2000028
2024-05-18 14:44:33.318 GMT [53] LOG:  database system is shut down
2024-05-18 14:44:33.433 GMT [1] LOG:  starting PostgreSQL 16.3 (Debian 16.3-1.pgdg120+1) on x86_64-pc-linux-gnu, compiled by gcc (Debian 12.2.0-14) 12.2.0, 64-bit
2024-05-18 14:44:33.434 GMT [1] LOG:  listening on IPv4 address "0.0.0.0", port 5432
2024-05-18 14:44:33.434 GMT [1] LOG:  listening on IPv6 address "::", port 5432
2024-05-18 14:44:33.439 GMT [1] LOG:  listening on Unix socket "/var/run/postgresql/.s.PGSQL.5432"
2024-05-18 14:44:33.446 GMT [76] LOG:  database system was shut down at 2024-05-18 14:44:33 GMT
2024-05-18 14:44:33.456 GMT [1] LOG:  database system is ready to accept connections
2024-05-18 14:44:33.644 GMT [81] LOG:  received replication command: SHOW data_directory_mode
2024-05-18 14:44:33.644 GMT [81] STATEMENT:  SHOW data_directory_mode
2024-05-18 14:44:33.645 GMT [81] LOG:  received replication command: SHOW wal_segment_size
2024-05-18 14:44:33.645 GMT [81] STATEMENT:  SHOW wal_segment_size
2024-05-18 14:44:33.645 GMT [81] LOG:  received replication command: IDENTIFY_SYSTEM
2024-05-18 14:44:33.645 GMT [81] STATEMENT:  IDENTIFY_SYSTEM
2024-05-18 14:44:33.645 GMT [81] LOG:  received replication command: BASE_BACKUP ( LABEL 'pg_basebackup base backup',  PROGRESS,  WAIT 0,  MANIFEST 'yes',  TARGET 'client')
2024-05-18 14:44:33.645 GMT [81] STATEMENT:  BASE_BACKUP ( LABEL 'pg_basebackup base backup',  PROGRESS,  WAIT 0,  MANIFEST 'yes',  TARGET 'client')
2024-05-18 14:44:33.868 GMT [74] LOG:  checkpoint starting: force wait
2024-05-18 14:44:34.003 GMT [74] LOG:  checkpoint complete: wrote 4 buffers (0.0%); 0 WAL file(s) added, 0 removed, 1 recycled; write=0.107 s, sync=0.016 s, total=0.135 s; sync files=3, longest=0.015 s, average=0.006 s; distance=16384 kB, estimate=16384 kB; lsn=0/3000060, redo lsn=0/3000028
2024-05-18 14:44:34.030 GMT [84] LOG:  received replication command: SHOW data_directory_mode
2024-05-18 14:44:34.030 GMT [84] STATEMENT:  SHOW data_directory_mode
2024-05-18 14:44:34.030 GMT [84] LOG:  received replication command: CREATE_REPLICATION_SLOT "pg_basebackup_84" TEMPORARY PHYSICAL ( RESERVE_WAL)
2024-05-18 14:44:34.030 GMT [84] STATEMENT:  CREATE_REPLICATION_SLOT "pg_basebackup_84" TEMPORARY PHYSICAL ( RESERVE_WAL)
2024-05-18 14:44:34.047 GMT [84] LOG:  received replication command: IDENTIFY_SYSTEM
2024-05-18 14:44:34.047 GMT [84] STATEMENT:  IDENTIFY_SYSTEM
2024-05-18 14:44:34.047 GMT [84] LOG:  received replication command: START_REPLICATION SLOT "pg_basebackup_84" 0/3000000 TIMELINE 1
2024-05-18 14:44:34.047 GMT [84] STATEMENT:  START_REPLICATION SLOT "pg_basebackup_84" 0/3000000 TIMELINE 1
2024-05-18 14:44:36.384 GMT [89] LOG:  received replication command: IDENTIFY_SYSTEM
2024-05-18 14:44:36.384 GMT [89] STATEMENT:  IDENTIFY_SYSTEM
2024-05-18 14:44:36.384 GMT [89] LOG:  received replication command: START_REPLICATION 0/4000000 TIMELINE 1
2024-05-18 14:44:36.384 GMT [89] STATEMENT:  START_REPLICATION 0/4000000 TIMELINE 1
2024-05-18 14:46:21.229 GMT [1] LOG:  received fast shutdown request
2024-05-18 14:46:21.268 GMT [1] LOG:  aborting any active transactions
2024-05-18 14:46:21.277 GMT [1] LOG:  background worker "logical replication launcher" (PID 80) exited with exit code 1
2024-05-18 14:46:21.280 GMT [74] LOG:  shutting down
2024-05-18 14:46:21.531 GMT [74] LOG:  checkpoint starting: shutdown immediate
2024-05-18 14:46:21.650 GMT [74] LOG:  checkpoint complete: wrote 42 buffers (0.3%); 0 WAL file(s) added, 0 removed, 2 recycled; write=0.006 s, sync=0.009 s, total=0.122 s; sync files=10, longest=0.005 s, average=0.001 s; distance=32768 kB, estimate=32768 kB; lsn=0/5000028, redo lsn=0/5000028
2024-05-18 14:46:21.660 GMT [1] LOG:  database system is shut down
2024-05-18 14:46:55.905 GMT [52] LOG:  starting PostgreSQL 16.3 (Debian 16.3-1.pgdg120+1) on x86_64-pc-linux-gnu, compiled by gcc (Debian 12.2.0-14) 12.2.0, 64-bit
2024-05-18 14:46:55.908 GMT [52] LOG:  listening on Unix socket "/var/run/postgresql/.s.PGSQL.5432"
2024-05-18 14:46:55.919 GMT [56] LOG:  database system was shut down at 2024-05-18 14:46:54 GMT
2024-05-18 14:46:55.939 GMT [52] LOG:  database system is ready to accept connections
2024-05-18 14:46:56.265 GMT [52] LOG:  received fast shutdown request
2024-05-18 14:46:56.267 GMT [52] LOG:  aborting any active transactions
2024-05-18 14:46:56.274 GMT [52] LOG:  background worker "logical replication launcher" (PID 60) exited with exit code 1
2024-05-18 14:46:56.274 GMT [54] LOG:  shutting down
2024-05-18 14:46:56.290 GMT [54] LOG:  checkpoint starting: shutdown immediate
2024-05-18 14:46:56.710 GMT [54] LOG:  checkpoint complete: wrote 940 buffers (5.7%); 0 WAL file(s) added, 0 removed, 1 recycled; write=0.109 s, sync=0.239 s, total=0.422 s; sync files=311, longest=0.126 s, average=0.001 s; distance=11351 kB, estimate=11351 kB; lsn=0/2000028, redo lsn=0/2000028
2024-05-18 14:46:56.724 GMT [52] LOG:  database system is shut down
2024-05-18 14:46:56.797 GMT [1] LOG:  starting PostgreSQL 16.3 (Debian 16.3-1.pgdg120+1) on x86_64-pc-linux-gnu, compiled by gcc (Debian 12.2.0-14) 12.2.0, 64-bit
2024-05-18 14:46:56.798 GMT [1] LOG:  listening on IPv4 address "0.0.0.0", port 5432
2024-05-18 14:46:56.798 GMT [1] LOG:  listening on IPv6 address "::", port 5432
2024-05-18 14:46:56.820 GMT [1] LOG:  listening on Unix socket "/var/run/postgresql/.s.PGSQL.5432"
2024-05-18 14:46:56.827 GMT [75] LOG:  database system was shut down at 2024-05-18 14:46:56 GMT
2024-05-18 14:46:56.837 GMT [1] LOG:  database system is ready to accept connections
2024-05-18 14:46:57.325 GMT [80] LOG:  received replication command: SHOW data_directory_mode
2024-05-18 14:46:57.325 GMT [80] STATEMENT:  SHOW data_directory_mode
2024-05-18 14:46:57.325 GMT [80] LOG:  received replication command: SHOW wal_segment_size
2024-05-18 14:46:57.325 GMT [80] STATEMENT:  SHOW wal_segment_size
2024-05-18 14:46:57.325 GMT [80] LOG:  received replication command: IDENTIFY_SYSTEM
2024-05-18 14:46:57.325 GMT [80] STATEMENT:  IDENTIFY_SYSTEM
2024-05-18 14:46:57.325 GMT [80] LOG:  received replication command: BASE_BACKUP ( LABEL 'pg_basebackup base backup',  PROGRESS,  WAIT 0,  MANIFEST 'yes',  TARGET 'client')
2024-05-18 14:46:57.325 GMT [80] STATEMENT:  BASE_BACKUP ( LABEL 'pg_basebackup base backup',  PROGRESS,  WAIT 0,  MANIFEST 'yes',  TARGET 'client')
2024-05-18 14:46:57.408 GMT [73] LOG:  checkpoint starting: force wait
2024-05-18 14:46:57.605 GMT [73] LOG:  checkpoint complete: wrote 4 buffers (0.0%); 0 WAL file(s) added, 0 removed, 1 recycled; write=0.118 s, sync=0.004 s, total=0.197 s; sync files=3, longest=0.002 s, average=0.001 s; distance=16384 kB, estimate=16384 kB; lsn=0/3000060, redo lsn=0/3000028
2024-05-18 14:46:57.632 GMT [83] LOG:  received replication command: SHOW data_directory_mode
2024-05-18 14:46:57.632 GMT [83] STATEMENT:  SHOW data_directory_mode
2024-05-18 14:46:57.632 GMT [83] LOG:  received replication command: CREATE_REPLICATION_SLOT "pg_basebackup_83" TEMPORARY PHYSICAL ( RESERVE_WAL)
2024-05-18 14:46:57.632 GMT [83] STATEMENT:  CREATE_REPLICATION_SLOT "pg_basebackup_83" TEMPORARY PHYSICAL ( RESERVE_WAL)
2024-05-18 14:46:57.640 GMT [83] LOG:  received replication command: IDENTIFY_SYSTEM
2024-05-18 14:46:57.640 GMT [83] STATEMENT:  IDENTIFY_SYSTEM
2024-05-18 14:46:57.640 GMT [83] LOG:  received replication command: START_REPLICATION SLOT "pg_basebackup_83" 0/3000000 TIMELINE 1
2024-05-18 14:46:57.640 GMT [83] STATEMENT:  START_REPLICATION SLOT "pg_basebackup_83" 0/3000000 TIMELINE 1
2024-05-18 14:46:59.999 GMT [88] LOG:  received replication command: IDENTIFY_SYSTEM
2024-05-18 14:46:59.999 GMT [88] STATEMENT:  IDENTIFY_SYSTEM
2024-05-18 14:46:59.999 GMT [88] LOG:  received replication command: START_REPLICATION 0/4000000 TIMELINE 1
2024-05-18 14:46:59.999 GMT [88] STATEMENT:  START_REPLICATION 0/4000000 TIMELINE 1
2024-05-18 14:51:57.702 GMT [73] LOG:  checkpoint starting: time
2024-05-18 14:52:02.363 GMT [73] LOG:  checkpoint complete: wrote 46 buffers (0.3%); 0 WAL file(s) added, 0 removed, 1 recycled; write=4.519 s, sync=0.106 s, total=4.661 s; sync files=14, longest=0.101 s, average=0.008 s; distance=16694 kB, estimate=16694 kB; lsn=0/404D878, redo lsn=0/404D840
2024-05-18 15:30:59.381 GMT [1] LOG:  received fast shutdown request
2024-05-18 15:30:59.391 GMT [1] LOG:  aborting any active transactions
2024-05-18 15:30:59.396 GMT [1] LOG:  background worker "logical replication launcher" (PID 79) exited with exit code 1
2024-05-18 15:30:59.398 GMT [73] LOG:  shutting down
2024-05-18 15:30:59.444 GMT [73] LOG:  checkpoint starting: shutdown immediate
2024-05-18 15:30:59.471 GMT [73] LOG:  checkpoint complete: wrote 0 buffers (0.0%); 0 WAL file(s) added, 0 removed, 0 recycled; write=0.006 s, sync=0.001 s, total=0.029 s; sync files=0, longest=0.000 s, average=0.000 s; distance=16073 kB, estimate=16632 kB; lsn=0/5000028, redo lsn=0/5000028
2024-05-18 15:30:59.481 GMT [1] LOG:  database system is shut down
2024-05-18 15:34:10.529 GMT [53] LOG:  starting PostgreSQL 16.3 (Debian 16.3-1.pgdg120+1) on x86_64-pc-linux-gnu, compiled by gcc (Debian 12.2.0-14) 12.2.0, 64-bit
2024-05-18 15:34:10.540 GMT [53] LOG:  listening on Unix socket "/var/run/postgresql/.s.PGSQL.5432"
2024-05-18 15:34:10.547 GMT [57] LOG:  database system was shut down at 2024-05-18 15:34:09 GMT
2024-05-18 15:34:10.563 GMT [53] LOG:  database system is ready to accept connections
2024-05-18 15:34:11.015 GMT [53] LOG:  received fast shutdown request
2024-05-18 15:34:11.018 GMT [53] LOG:  aborting any active transactions
2024-05-18 15:34:11.026 GMT [53] LOG:  background worker "logical replication launcher" (PID 61) exited with exit code 1
2024-05-18 15:34:11.026 GMT [55] LOG:  shutting down
2024-05-18 15:34:11.063 GMT [55] LOG:  checkpoint starting: shutdown immediate
2024-05-18 15:34:11.724 GMT [55] LOG:  checkpoint complete: wrote 940 buffers (5.7%); 0 WAL file(s) added, 0 removed, 1 recycled; write=0.282 s, sync=0.301 s, total=0.663 s; sync files=311, longest=0.171 s, average=0.001 s; distance=11351 kB, estimate=11351 kB; lsn=0/2000028, redo lsn=0/2000028
2024-05-18 15:34:11.740 GMT [53] LOG:  database system is shut down
2024-05-18 15:34:11.855 GMT [1] LOG:  starting PostgreSQL 16.3 (Debian 16.3-1.pgdg120+1) on x86_64-pc-linux-gnu, compiled by gcc (Debian 12.2.0-14) 12.2.0, 64-bit
2024-05-18 15:34:11.856 GMT [1] LOG:  listening on IPv4 address "0.0.0.0", port 5432
2024-05-18 15:34:11.856 GMT [1] LOG:  listening on IPv6 address "::", port 5432
2024-05-18 15:34:11.870 GMT [1] LOG:  listening on Unix socket "/var/run/postgresql/.s.PGSQL.5432"
2024-05-18 15:34:11.876 GMT [76] LOG:  database system was shut down at 2024-05-18 15:34:11 GMT
2024-05-18 15:34:11.885 GMT [1] LOG:  database system is ready to accept connections
2024-05-18 15:34:14.816 GMT [81] LOG:  received replication command: SHOW data_directory_mode
2024-05-18 15:34:14.816 GMT [81] STATEMENT:  SHOW data_directory_mode
2024-05-18 15:34:14.816 GMT [81] LOG:  received replication command: SHOW wal_segment_size
2024-05-18 15:34:14.816 GMT [81] STATEMENT:  SHOW wal_segment_size
2024-05-18 15:34:14.816 GMT [81] LOG:  received replication command: IDENTIFY_SYSTEM
2024-05-18 15:34:14.816 GMT [81] STATEMENT:  IDENTIFY_SYSTEM
2024-05-18 15:34:14.817 GMT [81] LOG:  received replication command: BASE_BACKUP ( LABEL 'pg_basebackup base backup',  PROGRESS,  WAIT 0,  MANIFEST 'yes',  TARGET 'client')
2024-05-18 15:34:14.817 GMT [81] STATEMENT:  BASE_BACKUP ( LABEL 'pg_basebackup base backup',  PROGRESS,  WAIT 0,  MANIFEST 'yes',  TARGET 'client')
2024-05-18 15:34:14.874 GMT [74] LOG:  checkpoint starting: force wait
2024-05-18 15:34:15.001 GMT [74] LOG:  checkpoint complete: wrote 4 buffers (0.0%); 0 WAL file(s) added, 0 removed, 1 recycled; write=0.107 s, sync=0.010 s, total=0.128 s; sync files=3, longest=0.008 s, average=0.004 s; distance=16384 kB, estimate=16384 kB; lsn=0/3000060, redo lsn=0/3000028
2024-05-18 15:34:15.047 GMT [84] LOG:  received replication command: SHOW data_directory_mode
2024-05-18 15:34:15.047 GMT [84] STATEMENT:  SHOW data_directory_mode
2024-05-18 15:34:15.047 GMT [84] LOG:  received replication command: CREATE_REPLICATION_SLOT "pg_basebackup_84" TEMPORARY PHYSICAL ( RESERVE_WAL)
2024-05-18 15:34:15.047 GMT [84] STATEMENT:  CREATE_REPLICATION_SLOT "pg_basebackup_84" TEMPORARY PHYSICAL ( RESERVE_WAL)
2024-05-18 15:34:15.057 GMT [84] LOG:  received replication command: IDENTIFY_SYSTEM
2024-05-18 15:34:15.057 GMT [84] STATEMENT:  IDENTIFY_SYSTEM
2024-05-18 15:34:15.057 GMT [84] LOG:  received replication command: START_REPLICATION SLOT "pg_basebackup_84" 0/3000000 TIMELINE 1
2024-05-18 15:34:15.057 GMT [84] STATEMENT:  START_REPLICATION SLOT "pg_basebackup_84" 0/3000000 TIMELINE 1
2024-05-18 15:34:17.211 GMT [89] LOG:  received replication command: IDENTIFY_SYSTEM
2024-05-18 15:34:17.211 GMT [89] STATEMENT:  IDENTIFY_SYSTEM
2024-05-18 15:34:17.211 GMT [89] LOG:  received replication command: START_REPLICATION 0/4000000 TIMELINE 1
2024-05-18 15:34:17.211 GMT [89] STATEMENT:  START_REPLICATION 0/4000000 TIMELINE 1
2024-05-18 15:39:15.101 GMT [74] LOG:  checkpoint starting: time
2024-05-18 15:39:19.678 GMT [74] LOG:  checkpoint complete: wrote 45 buffers (0.3%); 0 WAL file(s) added, 0 removed, 1 recycled; write=4.423 s, sync=0.020 s, total=4.578 s; sync files=13, longest=0.015 s, average=0.002 s; distance=16694 kB, estimate=16694 kB; lsn=0/404D980, redo lsn=0/404D948
2024-05-18 17:02:56.208 GMT [112] LOG:  received replication command: IDENTIFY_SYSTEM
2024-05-18 17:02:56.208 GMT [112] STATEMENT:  IDENTIFY_SYSTEM
2024-05-18 17:02:56.209 GMT [112] LOG:  received replication command: START_REPLICATION 0/4000000 TIMELINE 1
2024-05-18 17:02:56.209 GMT [112] STATEMENT:  START_REPLICATION 0/4000000 TIMELINE 1
2024-05-18 17:04:31.135 GMT [1] LOG:  received fast shutdown request
2024-05-18 17:04:31.137 GMT [1] LOG:  aborting any active transactions
2024-05-18 17:04:31.142 GMT [1] LOG:  background worker "logical replication launcher" (PID 80) exited with exit code 1
2024-05-18 17:04:31.143 GMT [74] LOG:  shutting down
2024-05-18 17:04:31.218 GMT [74] LOG:  checkpoint starting: shutdown immediate
2024-05-18 17:04:31.236 GMT [74] LOG:  checkpoint complete: wrote 0 buffers (0.0%); 0 WAL file(s) added, 0 removed, 0 recycled; write=0.005 s, sync=0.001 s, total=0.027 s; sync files=0, longest=0.000 s, average=0.000 s; distance=16073 kB, estimate=16632 kB; lsn=0/5000028, redo lsn=0/5000028
2024-05-18 17:04:31.251 GMT [1] LOG:  database system is shut down
2024-05-18 17:04:55.558 GMT [53] LOG:  starting PostgreSQL 16.3 (Debian 16.3-1.pgdg120+1) on x86_64-pc-linux-gnu, compiled by gcc (Debian 12.2.0-14) 12.2.0, 64-bit
2024-05-18 17:04:55.587 GMT [53] LOG:  listening on Unix socket "/var/run/postgresql/.s.PGSQL.5432"
2024-05-18 17:04:55.626 GMT [57] LOG:  database system was shut down at 2024-05-18 17:04:53 GMT
2024-05-18 17:04:55.704 GMT [53] LOG:  database system is ready to accept connections
2024-05-18 17:04:56.431 GMT [53] LOG:  received fast shutdown request
2024-05-18 17:04:56.563 GMT [53] LOG:  aborting any active transactions
2024-05-18 17:04:56.566 GMT [53] LOG:  background worker "logical replication launcher" (PID 61) exited with exit code 1
2024-05-18 17:04:56.569 GMT [55] LOG:  shutting down
2024-05-18 17:04:56.609 GMT [55] LOG:  checkpoint starting: shutdown immediate
2024-05-18 17:04:57.172 GMT [55] LOG:  checkpoint complete: wrote 940 buffers (5.7%); 0 WAL file(s) added, 0 removed, 1 recycled; write=0.210 s, sync=0.185 s, total=0.574 s; sync files=311, longest=0.040 s, average=0.001 s; distance=11351 kB, estimate=11351 kB; lsn=0/2000028, redo lsn=0/2000028
2024-05-18 17:04:57.185 GMT [53] LOG:  database system is shut down
2024-05-18 17:04:57.265 GMT [1] LOG:  starting PostgreSQL 16.3 (Debian 16.3-1.pgdg120+1) on x86_64-pc-linux-gnu, compiled by gcc (Debian 12.2.0-14) 12.2.0, 64-bit
2024-05-18 17:04:57.266 GMT [1] LOG:  listening on IPv4 address "0.0.0.0", port 5432
2024-05-18 17:04:57.266 GMT [1] LOG:  listening on IPv6 address "::", port 5432
2024-05-18 17:04:57.269 GMT [1] LOG:  listening on Unix socket "/var/run/postgresql/.s.PGSQL.5432"
2024-05-18 17:04:57.314 GMT [76] LOG:  database system was shut down at 2024-05-18 17:04:57 GMT
2024-05-18 17:04:57.323 GMT [1] LOG:  database system is ready to accept connections
2024-05-18 17:04:58.891 GMT [81] LOG:  received replication command: SHOW data_directory_mode
2024-05-18 17:04:58.891 GMT [81] STATEMENT:  SHOW data_directory_mode
2024-05-18 17:04:58.891 GMT [81] LOG:  received replication command: SHOW wal_segment_size
2024-05-18 17:04:58.891 GMT [81] STATEMENT:  SHOW wal_segment_size
2024-05-18 17:04:58.891 GMT [81] LOG:  received replication command: IDENTIFY_SYSTEM
2024-05-18 17:04:58.891 GMT [81] STATEMENT:  IDENTIFY_SYSTEM
2024-05-18 17:04:58.892 GMT [81] LOG:  received replication command: BASE_BACKUP ( LABEL 'pg_basebackup base backup',  PROGRESS,  WAIT 0,  MANIFEST 'yes',  TARGET 'client')
2024-05-18 17:04:58.892 GMT [81] STATEMENT:  BASE_BACKUP ( LABEL 'pg_basebackup base backup',  PROGRESS,  WAIT 0,  MANIFEST 'yes',  TARGET 'client')
2024-05-18 17:04:58.990 GMT [74] LOG:  checkpoint starting: force wait
2024-05-18 17:04:59.111 GMT [74] LOG:  checkpoint complete: wrote 4 buffers (0.0%); 0 WAL file(s) added, 0 removed, 1 recycled; write=0.107 s, sync=0.003 s, total=0.121 s; sync files=3, longest=0.002 s, average=0.001 s; distance=16384 kB, estimate=16384 kB; lsn=0/3000060, redo lsn=0/3000028
2024-05-18 17:04:59.136 GMT [84] LOG:  received replication command: SHOW data_directory_mode
2024-05-18 17:04:59.136 GMT [84] STATEMENT:  SHOW data_directory_mode
2024-05-18 17:04:59.136 GMT [84] LOG:  received replication command: CREATE_REPLICATION_SLOT "pg_basebackup_84" TEMPORARY PHYSICAL ( RESERVE_WAL)
2024-05-18 17:04:59.136 GMT [84] STATEMENT:  CREATE_REPLICATION_SLOT "pg_basebackup_84" TEMPORARY PHYSICAL ( RESERVE_WAL)
2024-05-18 17:04:59.143 GMT [84] LOG:  received replication command: IDENTIFY_SYSTEM
2024-05-18 17:04:59.143 GMT [84] STATEMENT:  IDENTIFY_SYSTEM
2024-05-18 17:04:59.143 GMT [84] LOG:  received replication command: START_REPLICATION SLOT "pg_basebackup_84" 0/3000000 TIMELINE 1
2024-05-18 17:04:59.143 GMT [84] STATEMENT:  START_REPLICATION SLOT "pg_basebackup_84" 0/3000000 TIMELINE 1
2024-05-18 17:05:01.612 GMT [89] LOG:  received replication command: IDENTIFY_SYSTEM
2024-05-18 17:05:01.612 GMT [89] STATEMENT:  IDENTIFY_SYSTEM
2024-05-18 17:05:01.613 GMT [89] LOG:  received replication command: START_REPLICATION 0/4000000 TIMELINE 1
2024-05-18 17:05:01.613 GMT [89] STATEMENT:  START_REPLICATION 0/4000000 TIMELINE 1
2024-05-18 17:09:58.210 GMT [74] LOG:  checkpoint starting: time
2024-05-18 17:10:04.120 GMT [74] LOG:  checkpoint complete: wrote 42 buffers (0.3%); 0 WAL file(s) added, 0 removed, 1 recycled; write=4.515 s, sync=0.526 s, total=5.910 s; sync files=10, longest=0.223 s, average=0.053 s; distance=16693 kB, estimate=16693 kB; lsn=0/404D5B0, redo lsn=0/404D578
2024-05-18 17:21:10.415 GMT [1] LOG:  received fast shutdown request
2024-05-18 17:21:10.480 GMT [1] LOG:  aborting any active transactions
2024-05-18 17:21:10.493 GMT [1] LOG:  background worker "logical replication launcher" (PID 80) exited with exit code 1
2024-05-18 17:21:10.495 GMT [74] LOG:  shutting down
2024-05-18 17:21:11.488 GMT [74] LOG:  checkpoint starting: shutdown immediate
2024-05-18 17:21:11.702 GMT [74] LOG:  checkpoint complete: wrote 0 buffers (0.0%); 0 WAL file(s) added, 0 removed, 0 recycled; write=0.027 s, sync=0.001 s, total=0.244 s; sync files=0, longest=0.000 s, average=0.000 s; distance=16074 kB, estimate=16631 kB; lsn=0/5000028, redo lsn=0/5000028
2024-05-18 17:21:11.898 GMT [1] LOG:  database system is shut down
2024-05-18 17:22:35.207 GMT [53] LOG:  starting PostgreSQL 16.3 (Debian 16.3-1.pgdg120+1) on x86_64-pc-linux-gnu, compiled by gcc (Debian 12.2.0-14) 12.2.0, 64-bit
2024-05-18 17:22:35.321 GMT [53] LOG:  listening on Unix socket "/var/run/postgresql/.s.PGSQL.5432"
2024-05-18 17:22:35.354 GMT [57] LOG:  database system was shut down at 2024-05-18 17:22:32 GMT
2024-05-18 17:22:35.386 GMT [53] LOG:  database system is ready to accept connections
2024-05-18 17:22:36.847 GMT [53] LOG:  received fast shutdown request
2024-05-18 17:22:36.855 GMT [53] LOG:  aborting any active transactions
2024-05-18 17:22:36.859 GMT [53] LOG:  background worker "logical replication launcher" (PID 61) exited with exit code 1
2024-05-18 17:22:36.863 GMT [55] LOG:  shutting down
2024-05-18 17:22:36.899 GMT [55] LOG:  checkpoint starting: shutdown immediate
2024-05-18 17:22:37.525 GMT [55] LOG:  checkpoint complete: wrote 940 buffers (5.7%); 0 WAL file(s) added, 0 removed, 1 recycled; write=0.142 s, sync=0.319 s, total=0.639 s; sync files=311, longest=0.176 s, average=0.002 s; distance=11351 kB, estimate=11351 kB; lsn=0/2000028, redo lsn=0/2000028
2024-05-18 17:22:37.537 GMT [53] LOG:  database system is shut down
2024-05-18 17:22:37.580 GMT [1] LOG:  starting PostgreSQL 16.3 (Debian 16.3-1.pgdg120+1) on x86_64-pc-linux-gnu, compiled by gcc (Debian 12.2.0-14) 12.2.0, 64-bit
2024-05-18 17:22:37.599 GMT [1] LOG:  listening on IPv4 address "0.0.0.0", port 5432
2024-05-18 17:22:37.599 GMT [1] LOG:  listening on IPv6 address "::", port 5432
2024-05-18 17:22:37.602 GMT [1] LOG:  listening on Unix socket "/var/run/postgresql/.s.PGSQL.5432"
2024-05-18 17:22:37.612 GMT [76] LOG:  database system was shut down at 2024-05-18 17:22:37 GMT
2024-05-18 17:22:37.634 GMT [1] LOG:  database system is ready to accept connections
2024-05-18 17:22:37.907 GMT [81] LOG:  received replication command: SHOW data_directory_mode
2024-05-18 17:22:37.907 GMT [81] STATEMENT:  SHOW data_directory_mode
2024-05-18 17:22:37.926 GMT [81] LOG:  received replication command: SHOW wal_segment_size
2024-05-18 17:22:37.926 GMT [81] STATEMENT:  SHOW wal_segment_size
2024-05-18 17:22:37.926 GMT [81] LOG:  received replication command: IDENTIFY_SYSTEM
2024-05-18 17:22:37.926 GMT [81] STATEMENT:  IDENTIFY_SYSTEM
2024-05-18 17:22:37.927 GMT [81] LOG:  received replication command: BASE_BACKUP ( LABEL 'pg_basebackup base backup',  PROGRESS,  WAIT 0,  MANIFEST 'yes',  TARGET 'client')
2024-05-18 17:22:37.927 GMT [81] STATEMENT:  BASE_BACKUP ( LABEL 'pg_basebackup base backup',  PROGRESS,  WAIT 0,  MANIFEST 'yes',  TARGET 'client')
2024-05-18 17:22:37.984 GMT [74] LOG:  checkpoint starting: force wait
2024-05-18 17:22:38.103 GMT [74] LOG:  checkpoint complete: wrote 4 buffers (0.0%); 0 WAL file(s) added, 0 removed, 1 recycled; write=0.106 s, sync=0.003 s, total=0.119 s; sync files=3, longest=0.002 s, average=0.001 s; distance=16384 kB, estimate=16384 kB; lsn=0/3000060, redo lsn=0/3000028
2024-05-18 17:22:38.158 GMT [84] LOG:  received replication command: SHOW data_directory_mode
2024-05-18 17:22:38.158 GMT [84] STATEMENT:  SHOW data_directory_mode
2024-05-18 17:22:38.158 GMT [84] LOG:  received replication command: CREATE_REPLICATION_SLOT "pg_basebackup_84" TEMPORARY PHYSICAL ( RESERVE_WAL)
2024-05-18 17:22:38.158 GMT [84] STATEMENT:  CREATE_REPLICATION_SLOT "pg_basebackup_84" TEMPORARY PHYSICAL ( RESERVE_WAL)
2024-05-18 17:22:38.166 GMT [84] LOG:  received replication command: IDENTIFY_SYSTEM
2024-05-18 17:22:38.166 GMT [84] STATEMENT:  IDENTIFY_SYSTEM
2024-05-18 17:22:38.167 GMT [84] LOG:  received replication command: START_REPLICATION SLOT "pg_basebackup_84" 0/3000000 TIMELINE 1
2024-05-18 17:22:38.167 GMT [84] STATEMENT:  START_REPLICATION SLOT "pg_basebackup_84" 0/3000000 TIMELINE 1
2024-05-18 17:22:40.619 GMT [89] LOG:  received replication command: IDENTIFY_SYSTEM
2024-05-18 17:22:40.619 GMT [89] STATEMENT:  IDENTIFY_SYSTEM
2024-05-18 17:22:40.619 GMT [89] LOG:  received replication command: START_REPLICATION 0/4000000 TIMELINE 1
2024-05-18 17:22:40.619 GMT [89] STATEMENT:  START_REPLICATION 0/4000000 TIMELINE 1
2024-05-18 17:25:16.469 GMT [1] LOG:  received fast shutdown request
2024-05-18 17:25:16.549 GMT [1] LOG:  aborting any active transactions
2024-05-18 17:25:16.561 GMT [1] LOG:  background worker "logical replication launcher" (PID 80) exited with exit code 1
2024-05-18 17:25:16.561 GMT [74] LOG:  shutting down
2024-05-18 17:25:16.717 GMT [74] LOG:  checkpoint starting: shutdown immediate
2024-05-18 17:25:17.019 GMT [74] LOG:  checkpoint complete: wrote 37 buffers (0.2%); 0 WAL file(s) added, 0 removed, 2 recycled; write=0.017 s, sync=0.049 s, total=0.418 s; sync files=10, longest=0.018 s, average=0.005 s; distance=32768 kB, estimate=32768 kB; lsn=0/5000028, redo lsn=0/5000028
2024-05-18 17:25:17.029 GMT [1] LOG:  database system is shut down
2024-05-18 19:50:09.898 GMT [53] LOG:  starting PostgreSQL 16.3 (Debian 16.3-1.pgdg120+1) on x86_64-pc-linux-gnu, compiled by gcc (Debian 12.2.0-14) 12.2.0, 64-bit
2024-05-18 19:50:09.900 GMT [53] LOG:  listening on Unix socket "/var/run/postgresql/.s.PGSQL.5432"
2024-05-18 19:50:09.946 GMT [57] LOG:  database system was shut down at 2024-05-18 19:50:05 GMT
2024-05-18 19:50:09.984 GMT [53] LOG:  database system is ready to accept connections
2024-05-18 19:50:10.482 GMT [53] LOG:  received fast shutdown request
2024-05-18 19:50:10.513 GMT [53] LOG:  aborting any active transactions
2024-05-18 19:50:10.515 GMT [53] LOG:  background worker "logical replication launcher" (PID 61) exited with exit code 1
2024-05-18 19:50:10.519 GMT [55] LOG:  shutting down
2024-05-18 19:50:10.573 GMT [55] LOG:  checkpoint starting: shutdown immediate
2024-05-18 19:50:11.412 GMT [55] LOG:  checkpoint complete: wrote 940 buffers (5.7%); 0 WAL file(s) added, 0 removed, 1 recycled; write=0.103 s, sync=0.504 s, total=0.878 s; sync files=311, longest=0.142 s, average=0.002 s; distance=11351 kB, estimate=11351 kB; lsn=0/2000028, redo lsn=0/2000028
2024-05-18 19:50:11.426 GMT [53] LOG:  database system is shut down
2024-05-18 19:50:11.516 GMT [1] LOG:  starting PostgreSQL 16.3 (Debian 16.3-1.pgdg120+1) on x86_64-pc-linux-gnu, compiled by gcc (Debian 12.2.0-14) 12.2.0, 64-bit
2024-05-18 19:50:11.551 GMT [1] LOG:  listening on IPv4 address "0.0.0.0", port 5432
2024-05-18 19:50:11.551 GMT [1] LOG:  listening on IPv6 address "::", port 5432
2024-05-18 19:50:11.555 GMT [1] LOG:  listening on Unix socket "/var/run/postgresql/.s.PGSQL.5432"
2024-05-18 19:50:11.574 GMT [76] LOG:  database system was shut down at 2024-05-18 19:50:11 GMT
2024-05-18 19:50:11.587 GMT [1] LOG:  database system is ready to accept connections
2024-05-18 19:50:11.670 GMT [81] LOG:  received replication command: SHOW data_directory_mode
2024-05-18 19:50:11.670 GMT [81] STATEMENT:  SHOW data_directory_mode
2024-05-18 19:50:11.670 GMT [81] LOG:  received replication command: SHOW wal_segment_size
2024-05-18 19:50:11.670 GMT [81] STATEMENT:  SHOW wal_segment_size
2024-05-18 19:50:11.671 GMT [81] LOG:  received replication command: IDENTIFY_SYSTEM
2024-05-18 19:50:11.671 GMT [81] STATEMENT:  IDENTIFY_SYSTEM
2024-05-18 19:50:11.671 GMT [81] LOG:  received replication command: BASE_BACKUP ( LABEL 'pg_basebackup base backup',  PROGRESS,  WAIT 0,  MANIFEST 'yes',  TARGET 'client')
2024-05-18 19:50:11.671 GMT [81] STATEMENT:  BASE_BACKUP ( LABEL 'pg_basebackup base backup',  PROGRESS,  WAIT 0,  MANIFEST 'yes',  TARGET 'client')
2024-05-18 19:50:11.705 GMT [74] LOG:  checkpoint starting: force wait
2024-05-18 19:50:12.065 GMT [74] LOG:  checkpoint complete: wrote 4 buffers (0.0%); 0 WAL file(s) added, 0 removed, 1 recycled; write=0.196 s, sync=0.003 s, total=0.360 s; sync files=3, longest=0.002 s, average=0.001 s; distance=16384 kB, estimate=16384 kB; lsn=0/3000060, redo lsn=0/3000028
2024-05-18 19:50:12.110 GMT [84] LOG:  received replication command: SHOW data_directory_mode
2024-05-18 19:50:12.110 GMT [84] STATEMENT:  SHOW data_directory_mode
2024-05-18 19:50:12.110 GMT [84] LOG:  received replication command: CREATE_REPLICATION_SLOT "pg_basebackup_84" TEMPORARY PHYSICAL ( RESERVE_WAL)
2024-05-18 19:50:12.110 GMT [84] STATEMENT:  CREATE_REPLICATION_SLOT "pg_basebackup_84" TEMPORARY PHYSICAL ( RESERVE_WAL)
2024-05-18 19:50:12.117 GMT [84] LOG:  received replication command: IDENTIFY_SYSTEM
2024-05-18 19:50:12.117 GMT [84] STATEMENT:  IDENTIFY_SYSTEM
2024-05-18 19:50:12.117 GMT [84] LOG:  received replication command: START_REPLICATION SLOT "pg_basebackup_84" 0/3000000 TIMELINE 1
2024-05-18 19:50:12.117 GMT [84] STATEMENT:  START_REPLICATION SLOT "pg_basebackup_84" 0/3000000 TIMELINE 1
2024-05-18 19:50:14.639 GMT [89] LOG:  received replication command: IDENTIFY_SYSTEM
2024-05-18 19:50:14.639 GMT [89] STATEMENT:  IDENTIFY_SYSTEM
2024-05-18 19:50:14.639 GMT [89] LOG:  received replication command: START_REPLICATION 0/4000000 TIMELINE 1
2024-05-18 19:50:14.639 GMT [89] STATEMENT:  START_REPLICATION 0/4000000 TIMELINE 1
2024-05-18 19:51:30.454 GMT [1] LOG:  received fast shutdown request
2024-05-18 19:51:30.456 GMT [1] LOG:  aborting any active transactions
2024-05-18 19:51:30.458 GMT [1] LOG:  background worker "logical replication launcher" (PID 80) exited with exit code 1
2024-05-18 19:51:30.462 GMT [74] LOG:  shutting down
2024-05-18 19:51:30.507 GMT [74] LOG:  checkpoint starting: shutdown immediate
2024-05-18 19:51:30.707 GMT [74] LOG:  checkpoint complete: wrote 40 buffers (0.2%); 0 WAL file(s) added, 0 removed, 2 recycled; write=0.014 s, sync=0.008 s, total=0.206 s; sync files=10, longest=0.005 s, average=0.001 s; distance=32768 kB, estimate=32768 kB; lsn=0/5000028, redo lsn=0/5000028
2024-05-18 19:51:30.724 GMT [1] LOG:  database system is shut down
